INFO 2021-08-05 08:27:42,296 autoreload 578 Watching for file changes with StatReloader
INFO 2021-08-05 08:29:17,823 autoreload 578 Watching for file changes with StatReloader
INFO 2021-08-05 08:31:43,629 autoreload 578 Watching for file changes with StatReloader
INFO 2021-08-05 08:40:39,221 autoreload 578 Watching for file changes with StatReloader
INFO 2021-08-05 08:42:07,422 autoreload 578 Watching for file changes with StatReloader
INFO 2021-08-05 08:46:24,523 autoreload 578 Watching for file changes with StatReloader
INFO 2021-08-05 08:49:18,331 autoreload 578 Watching for file changes with StatReloader
INFO 2021-08-05 08:49:52,011 autoreload 578 Watching for file changes with StatReloader
INFO 2021-08-05 08:50:05,513 autoreload 578 Watching for file changes with StatReloader
INFO 2021-08-05 08:50:39,002 autoreload 203 /Users/waylonyan/PycharmProjects/nginx_platform_backend/nginx_platform_backend/settings/dev.py changed, reloading.
INFO 2021-08-05 08:50:39,382 autoreload 578 Watching for file changes with StatReloader
INFO 2021-08-05 08:50:44,857 autoreload 578 Watching for file changes with StatReloader
INFO 2021-08-05 08:50:59,550 autoreload 578 Watching for file changes with StatReloader
INFO 2021-08-05 08:53:15,732 autoreload 578 Watching for file changes with StatReloader
INFO 2021-08-05 08:54:19,375 autoreload 578 Watching for file changes with StatReloader
INFO 2021-08-05 08:55:03,721 autoreload 203 /Users/waylonyan/PycharmProjects/nginx_platform_backend/nginx_platform_backend/settings/dev.py changed, reloading.
INFO 2021-08-05 16:55:04,166 autoreload 578 Watching for file changes with StatReloader
INFO 2021-08-05 16:55:15,135 autoreload 203 /Users/waylonyan/PycharmProjects/nginx_platform_backend/nginx_platform_backend/settings/dev.py changed, reloading.
INFO 2021-08-05 16:55:15,558 autoreload 578 Watching for file changes with StatReloader
INFO 2021-08-05 16:55:24,833 autoreload 203 /Users/waylonyan/PycharmProjects/nginx_platform_backend/nginx_platform_backend/settings/dev.py changed, reloading.
INFO 2021-08-05 16:55:25,211 autoreload 578 Watching for file changes with StatReloader
INFO 2021-08-05 18:40:48,798 autoreload 578 Watching for file changes with StatReloader
INFO 2021-08-05 18:41:08,504 autoreload 203 /Users/waylonyan/PycharmProjects/nginx_platform_backend/nginx_platform_backend/settings/dev.py changed, reloading.
INFO 2021-08-05 18:41:09,018 autoreload 578 Watching for file changes with StatReloader
INFO 2021-08-05 18:41:16,657 autoreload 578 Watching for file changes with StatReloader
INFO 2021-08-05 21:00:52,621 autoreload 203 /Users/waylonyan/PycharmProjects/nginx_platform_backend/nginx_platform_backend/settings/dev.py changed, reloading.
INFO 2021-08-05 21:00:53,459 autoreload 578 Watching for file changes with StatReloader
INFO 2021-08-05 21:01:47,517 autoreload 203 /Users/waylonyan/PycharmProjects/nginx_platform_backend/nginx_platform_backend/settings/dev.py changed, reloading.
INFO 2021-08-05 21:01:47,990 autoreload 578 Watching for file changes with StatReloader
WARNING 2021-08-05 21:59:24,668 log 228 Not Found: /
WARNING 2021-08-05 21:59:24,669 basehttp 154 "GET / HTTP/1.1" 404 2062
WARNING 2021-08-05 21:59:25,124 log 228 Not Found: /favicon.ico
WARNING 2021-08-05 21:59:25,125 basehttp 154 "GET /favicon.ico HTTP/1.1" 404 2113
ERROR 2021-08-05 21:59:31,921 log 228 Internal Server Error: /admin/
Traceback (most recent call last):
  File "/opt/anaconda3/envs/luffy-test/lib/python3.6/site-packages/django/contrib/sessions/backends/base.py", line 189, in _get_session
    return self._session_cache
AttributeError: 'SessionStore' object has no attribute '_session_cache'

During handling of the above exception, another exception occurred:

Traceback (most recent call last):
  File "/opt/anaconda3/envs/luffy-test/lib/python3.6/site-packages/django/db/backends/utils.py", line 84, in _execute
    return self.cursor.execute(sql, params)
  File "/opt/anaconda3/envs/luffy-test/lib/python3.6/site-packages/django/db/backends/mysql/base.py", line 71, in execute
    return self.cursor.execute(query, args)
  File "/opt/anaconda3/envs/luffy-test/lib/python3.6/site-packages/pymysql/cursors.py", line 148, in execute
    result = self._query(query)
  File "/opt/anaconda3/envs/luffy-test/lib/python3.6/site-packages/pymysql/cursors.py", line 310, in _query
    conn.query(q)
  File "/opt/anaconda3/envs/luffy-test/lib/python3.6/site-packages/pymysql/connections.py", line 548, in query
    self._affected_rows = self._read_query_result(unbuffered=unbuffered)
  File "/opt/anaconda3/envs/luffy-test/lib/python3.6/site-packages/pymysql/connections.py", line 775, in _read_query_result
    result.read()
  File "/opt/anaconda3/envs/luffy-test/lib/python3.6/site-packages/pymysql/connections.py", line 1156, in read
    first_packet = self.connection._read_packet()
  File "/opt/anaconda3/envs/luffy-test/lib/python3.6/site-packages/pymysql/connections.py", line 725, in _read_packet
    packet.raise_for_error()
  File "/opt/anaconda3/envs/luffy-test/lib/python3.6/site-packages/pymysql/protocol.py", line 221, in raise_for_error
    err.raise_mysql_exception(self._data)
  File "/opt/anaconda3/envs/luffy-test/lib/python3.6/site-packages/pymysql/err.py", line 143, in raise_mysql_exception
    raise errorclass(errno, errval)
pymysql.err.ProgrammingError: (1146, "Table 'nginx_consul.django_session' doesn't exist")

The above exception was the direct cause of the following exception:

Traceback (most recent call last):
  File "/opt/anaconda3/envs/luffy-test/lib/python3.6/site-packages/django/core/handlers/exception.py", line 34, in inner
    response = get_response(request)
  File "/opt/anaconda3/envs/luffy-test/lib/python3.6/site-packages/django/core/handlers/base.py", line 115, in _get_response
    response = self.process_exception_by_middleware(e, request)
  File "/opt/anaconda3/envs/luffy-test/lib/python3.6/site-packages/django/core/handlers/base.py", line 113, in _get_response
    response = wrapped_callback(request, *callback_args, **callback_kwargs)
  File "/opt/anaconda3/envs/luffy-test/lib/python3.6/site-packages/django/contrib/admin/sites.py", line 241, in wrapper
    return self.admin_view(view, cacheable)(*args, **kwargs)
  File "/opt/anaconda3/envs/luffy-test/lib/python3.6/site-packages/django/utils/decorators.py", line 142, in _wrapped_view
    response = view_func(request, *args, **kwargs)
  File "/opt/anaconda3/envs/luffy-test/lib/python3.6/site-packages/django/views/decorators/cache.py", line 44, in _wrapped_view_func
    response = view_func(request, *args, **kwargs)
  File "/opt/anaconda3/envs/luffy-test/lib/python3.6/site-packages/django/contrib/admin/sites.py", line 212, in inner
    if not self.has_permission(request):
  File "/opt/anaconda3/envs/luffy-test/lib/python3.6/site-packages/django/contrib/admin/sites.py", line 186, in has_permission
    return request.user.is_active and request.user.is_staff
  File "/opt/anaconda3/envs/luffy-test/lib/python3.6/site-packages/django/utils/functional.py", line 256, in inner
    self._setup()
  File "/opt/anaconda3/envs/luffy-test/lib/python3.6/site-packages/django/utils/functional.py", line 392, in _setup
    self._wrapped = self._setupfunc()
  File "/opt/anaconda3/envs/luffy-test/lib/python3.6/site-packages/django/contrib/auth/middleware.py", line 24, in <lambda>
    request.user = SimpleLazyObject(lambda: get_user(request))
  File "/opt/anaconda3/envs/luffy-test/lib/python3.6/site-packages/django/contrib/auth/middleware.py", line 12, in get_user
    request._cached_user = auth.get_user(request)
  File "/opt/anaconda3/envs/luffy-test/lib/python3.6/site-packages/django/contrib/auth/__init__.py", line 182, in get_user
    user_id = _get_user_session_key(request)
  File "/opt/anaconda3/envs/luffy-test/lib/python3.6/site-packages/django/contrib/auth/__init__.py", line 59, in _get_user_session_key
    return get_user_model()._meta.pk.to_python(request.session[SESSION_KEY])
  File "/opt/anaconda3/envs/luffy-test/lib/python3.6/site-packages/django/contrib/sessions/backends/base.py", line 54, in __getitem__
    return self._session[key]
  File "/opt/anaconda3/envs/luffy-test/lib/python3.6/site-packages/django/contrib/sessions/backends/base.py", line 194, in _get_session
    self._session_cache = self.load()
  File "/opt/anaconda3/envs/luffy-test/lib/python3.6/site-packages/django/contrib/sessions/backends/db.py", line 43, in load
    s = self._get_session_from_db()
  File "/opt/anaconda3/envs/luffy-test/lib/python3.6/site-packages/django/contrib/sessions/backends/db.py", line 34, in _get_session_from_db
    expire_date__gt=timezone.now()
  File "/opt/anaconda3/envs/luffy-test/lib/python3.6/site-packages/django/db/models/manager.py", line 82, in manager_method
    return getattr(self.get_queryset(), name)(*args, **kwargs)
  File "/opt/anaconda3/envs/luffy-test/lib/python3.6/site-packages/django/db/models/query.py", line 402, in get
    num = len(clone)
  File "/opt/anaconda3/envs/luffy-test/lib/python3.6/site-packages/django/db/models/query.py", line 256, in __len__
    self._fetch_all()
  File "/opt/anaconda3/envs/luffy-test/lib/python3.6/site-packages/django/db/models/query.py", line 1242, in _fetch_all
    self._result_cache = list(self._iterable_class(self))
  File "/opt/anaconda3/envs/luffy-test/lib/python3.6/site-packages/django/db/models/query.py", line 55, in __iter__
    results = compiler.execute_sql(chunked_fetch=self.chunked_fetch, chunk_size=self.chunk_size)
  File "/opt/anaconda3/envs/luffy-test/lib/python3.6/site-packages/django/db/models/sql/compiler.py", line 1097, in execute_sql
    cursor.execute(sql, params)
  File "/opt/anaconda3/envs/luffy-test/lib/python3.6/site-packages/django/db/backends/utils.py", line 99, in execute
    return super().execute(sql, params)
  File "/opt/anaconda3/envs/luffy-test/lib/python3.6/site-packages/django/db/backends/utils.py", line 67, in execute
    return self._execute_with_wrappers(sql, params, many=False, executor=self._execute)
  File "/opt/anaconda3/envs/luffy-test/lib/python3.6/site-packages/django/db/backends/utils.py", line 76, in _execute_with_wrappers
    return executor(sql, params, many, context)
  File "/opt/anaconda3/envs/luffy-test/lib/python3.6/site-packages/django/db/backends/utils.py", line 84, in _execute
    return self.cursor.execute(sql, params)
  File "/opt/anaconda3/envs/luffy-test/lib/python3.6/site-packages/django/db/utils.py", line 89, in __exit__
    raise dj_exc_value.with_traceback(traceback) from exc_value
  File "/opt/anaconda3/envs/luffy-test/lib/python3.6/site-packages/django/db/backends/utils.py", line 84, in _execute
    return self.cursor.execute(sql, params)
  File "/opt/anaconda3/envs/luffy-test/lib/python3.6/site-packages/django/db/backends/mysql/base.py", line 71, in execute
    return self.cursor.execute(query, args)
  File "/opt/anaconda3/envs/luffy-test/lib/python3.6/site-packages/pymysql/cursors.py", line 148, in execute
    result = self._query(query)
  File "/opt/anaconda3/envs/luffy-test/lib/python3.6/site-packages/pymysql/cursors.py", line 310, in _query
    conn.query(q)
  File "/opt/anaconda3/envs/luffy-test/lib/python3.6/site-packages/pymysql/connections.py", line 548, in query
    self._affected_rows = self._read_query_result(unbuffered=unbuffered)
  File "/opt/anaconda3/envs/luffy-test/lib/python3.6/site-packages/pymysql/connections.py", line 775, in _read_query_result
    result.read()
  File "/opt/anaconda3/envs/luffy-test/lib/python3.6/site-packages/pymysql/connections.py", line 1156, in read
    first_packet = self.connection._read_packet()
  File "/opt/anaconda3/envs/luffy-test/lib/python3.6/site-packages/pymysql/connections.py", line 725, in _read_packet
    packet.raise_for_error()
  File "/opt/anaconda3/envs/luffy-test/lib/python3.6/site-packages/pymysql/protocol.py", line 221, in raise_for_error
    err.raise_mysql_exception(self._data)
  File "/opt/anaconda3/envs/luffy-test/lib/python3.6/site-packages/pymysql/err.py", line 143, in raise_mysql_exception
    raise errorclass(errno, errval)
django.db.utils.ProgrammingError: (1146, "Table 'nginx_consul.django_session' doesn't exist")
ERROR 2021-08-05 21:59:31,924 basehttp 154 "GET /admin/ HTTP/1.1" 500 268494
INFO 2021-08-06 11:34:21,121 autoreload 578 Watching for file changes with StatReloader
INFO 2021-08-06 11:41:34,124 autoreload 584 Watching for file changes with StatReloader
INFO 2021-08-06 12:01:50,839 autoreload 578 Watching for file changes with StatReloader
INFO 2021-08-06 12:05:12,902 autoreload 578 Watching for file changes with StatReloader
WARNING 2021-08-06 12:05:14,655 log 228 Not Found: /
WARNING 2021-08-06 12:05:14,655 basehttp 154 "GET / HTTP/1.1" 404 2062
WARNING 2021-08-06 12:05:15,064 log 228 Not Found: /favicon.ico
WARNING 2021-08-06 12:05:15,064 basehttp 154 "GET /favicon.ico HTTP/1.1" 404 2113
INFO 2021-08-06 12:05:19,365 basehttp 154 "GET /admin/ HTTP/1.1" 302 0
INFO 2021-08-06 12:05:19,388 basehttp 154 "GET /admin/login/?next=/admin/ HTTP/1.1" 200 4092
INFO 2021-08-06 12:05:19,451 basehttp 154 "GET /static/admin/simpleui-x/js/login.js?_=3.3 HTTP/1.1" 200 669
INFO 2021-08-06 12:05:19,451 basehttp 154 "GET /static/admin/simpleui-x/css/login.css?_=2.1 HTTP/1.1" 200 500
INFO 2021-08-06 12:05:19,454 basehttp 154 "GET /static/admin/simpleui-x/fontawesome-free-5.8.1-web/css/all.min.css HTTP/1.1" 200 55111
INFO 2021-08-06 12:05:19,455 basehttp 154 "GET /static/admin/simpleui-x/js/vue.min.js?_=2021.8.1 HTTP/1.1" 200 93675
INFO 2021-08-06 12:05:19,456 basehttp 154 "GET /static/admin/simpleui-x/elementui/theme-chalk/index.css HTTP/1.1" 200 232478
INFO 2021-08-06 12:05:19,458 basehttp 154 "GET /static/admin/simpleui-x/elementui/index.js?_=2021.8.1 HTTP/1.1" 200 567853
INFO 2021-08-06 12:05:19,465 basehttp 154 "GET /static/admin/simpleui-x/particles/app.js HTTP/1.1" 200 3728
INFO 2021-08-06 12:05:19,468 basehttp 154 "GET /static/admin/simpleui-x/particles/particles.js HTTP/1.1" 200 51264
INFO 2021-08-06 12:05:19,468 basehttp 154 "GET /static/admin/simpleui-x/img/logo.png HTTP/1.1" 200 115997
INFO 2021-08-06 12:05:19,485 basehttp 154 "GET /static/admin/simpleui-x/img/bg.svg HTTP/1.1" 200 9547
INFO 2021-08-06 12:05:19,685 basehttp 154 "GET /static/admin/simpleui-x/fontawesome-free-5.8.1-web/webfonts/fa-solid-900.woff2 HTTP/1.1" 200 74256
INFO 2021-08-06 12:05:24,855 basehttp 154 "GET /static/admin/simpleui-x/elementui/theme-chalk/fonts/element-icons.woff HTTP/1.1" 200 28200
INFO 2021-08-06 12:05:28,143 basehttp 154 "POST /admin/login/?next=/admin/ HTTP/1.1" 302 0
INFO 2021-08-06 12:05:28,215 basehttp 154 "GET /admin/ HTTP/1.1" 200 18664
INFO 2021-08-06 12:05:28,289 basehttp 154 "GET /static/admin/simpleui-x/waves/waves.min.css?_=2.1 HTTP/1.1" 200 3861
INFO 2021-08-06 12:05:28,291 basehttp 154 "GET /static/admin/simpleui-x/automatic/dicts.js?_=2021.8.1 HTTP/1.1" 200 6292
INFO 2021-08-06 12:05:28,292 basehttp 154 "GET /static/admin/simpleui-x/locale/en-us.js?_=2021.8.1 HTTP/1.1" 200 811
INFO 2021-08-06 12:05:28,292 basehttp 154 "GET /static/admin/simpleui-x/automatic/segment.js?_=2021.8.1 HTTP/1.1" 200 1186
INFO 2021-08-06 12:05:28,293 basehttp 154 "GET /static/admin/simpleui-x/locale/zh-hans.js?_=2021.8.1 HTTP/1.1" 200 1254
INFO 2021-08-06 12:05:28,293 basehttp 154 "GET /static/admin/simpleui-x/css/index.css?_=3.2 HTTP/1.1" 200 6608
INFO 2021-08-06 12:05:28,304 basehttp 154 "GET /static/admin/simpleui-x/js/cookie.js?_=2021.8.1 HTTP/1.1" 200 524
INFO 2021-08-06 12:05:28,312 basehttp 154 "GET /static/admin/simpleui-x/theme/theme.js?_=2021.8.1 HTTP/1.1" 200 4274
INFO 2021-08-06 12:05:28,312 basehttp 154 "GET /static/admin/simpleui-x/waves/waves.min.js?_=2021.8.1 HTTP/1.1" 200 6329
INFO 2021-08-06 12:05:28,313 basehttp 154 "GET /static/admin/simpleui-x/js/index.js?_=2021.8.1 HTTP/1.1" 200 20820
INFO 2021-08-06 12:05:28,313 basehttp 154 "GET /static/admin/simpleui-x/js/menu.js?_=2021.8.1 HTTP/1.1" 200 1189
INFO 2021-08-06 12:05:28,528 basehttp 154 "GET /static/admin/simpleui-x/fontawesome-free-5.8.1-web/webfonts/fa-regular-400.woff2 HTTP/1.1" 200 13552
INFO 2021-08-06 12:05:28,530 basehttp 154 "GET /static/admin/simpleui-x/fontawesome-free-5.8.1-web/webfonts/fa-brands-400.woff2 HTTP/1.1" 200 74768
INFO 2021-08-06 12:05:34,269 basehttp 154 "GET /admin/user/organization/ HTTP/1.1" 200 24635
INFO 2021-08-06 12:05:34,303 basehttp 154 "GET /static/admin/simpleui-x/css/base.css?_=2.7 HTTP/1.1" 200 3401
INFO 2021-08-06 12:05:34,303 basehttp 154 "GET /static/admin/css/base.css?_=2.7 HTTP/1.1" 200 16378
INFO 2021-08-06 12:05:34,305 basehttp 154 "GET /static/admin/simpleui-x/theme/simpleui.css HTTP/1.1" 200 4270
INFO 2021-08-06 12:05:34,313 basehttp 154 "GET /static/admin/simpleui-x/js/language.js?_=2.1.2 HTTP/1.1" 200 189
INFO 2021-08-06 12:05:34,315 basehttp 154 "GET /static/admin/simpleui-x/locale/en-us.js?_=2.1.2 HTTP/1.1" 200 811
INFO 2021-08-06 12:05:34,316 basehttp 154 "GET /static/admin/simpleui-x/locale/zh-hans.js HTTP/1.1" 200 1254
INFO 2021-08-06 12:05:34,333 basehttp 154 "GET /static/admin/simpleui-x/js/cookie.js HTTP/1.1" 200 524
INFO 2021-08-06 12:05:34,334 basehttp 154 "GET /static/admin/css/changelists.css?_=20180905 HTTP/1.1" 200 6170
INFO 2021-08-06 12:05:34,337 basehttp 154 "GET /static/admin/js/jquery.init.js HTTP/1.1" 200 363
INFO 2021-08-06 12:05:34,341 basehttp 154 "GET /static/admin/css/responsive.css?_=20180905 HTTP/1.1" 200 17944
INFO 2021-08-06 12:05:34,347 basehttp 154 "GET /static/admin/css/fonts.css HTTP/1.1" 200 423
INFO 2021-08-06 12:05:34,356 basehttp 154 "GET /static/admin/js/core.js HTTP/1.1" 200 7135
INFO 2021-08-06 12:05:34,356 basehttp 154 "GET /admin/jsi18n/ HTTP/1.1" 200 7722
INFO 2021-08-06 12:05:34,357 basehttp 154 "GET /static/admin/js/admin/RelatedObjectLookups.js HTTP/1.1" 200 6918
INFO 2021-08-06 12:05:34,360 basehttp 154 "GET /static/admin/js/actions.js HTTP/1.1" 200 6538
INFO 2021-08-06 12:05:34,365 basehttp 154 "GET /static/admin/js/urlify.js HTTP/1.1" 200 8972
INFO 2021-08-06 12:05:34,373 basehttp 154 "GET /static/admin/js/vendor/jquery/jquery.js HTTP/1.1" 200 271751
INFO 2021-08-06 12:05:34,374 basehttp 154 "GET /static/admin/simpleui-x/automatic/segment.js HTTP/1.1" 200 1186
INFO 2021-08-06 12:05:34,378 basehttp 154 "GET /static/admin/js/prepopulate.js HTTP/1.1" 200 1530
INFO 2021-08-06 12:05:34,380 basehttp 154 "GET /static/admin/simpleui-x/automatic/dicts.js HTTP/1.1" 200 6292
INFO 2021-08-06 12:05:34,382 basehttp 154 "GET /static/admin/js/vendor/xregexp/xregexp.js HTTP/1.1" 200 128820
INFO 2021-08-06 12:05:34,384 basehttp 154 "GET /static/admin/simpleui-x/js/axios.min.js HTTP/1.1" 200 14237
INFO 2021-08-06 12:05:34,385 basehttp 154 "GET /static/admin/js/vendor/jquery/jquery.min.js HTTP/1.1" 200 86927
INFO 2021-08-06 12:05:34,489 basehttp 154 "GET /static/admin/fonts/Roboto-Regular-webfont.woff HTTP/1.1" 200 85876
INFO 2021-08-06 12:05:34,517 basehttp 154 "GET /static/admin/fonts/Roboto-Bold-webfont.woff HTTP/1.1" 200 86184
INFO 2021-08-06 12:06:25,627 autoreload 203 /Users/dgt/Desktop/Python学习/Project/Nginx-Consul-Platform/nginx_platform_backend/apps/user/models.py changed, reloading.
INFO 2021-08-06 12:06:26,332 autoreload 578 Watching for file changes with StatReloader
INFO 2021-08-06 12:06:26,852 basehttp 154 "GET /admin/ HTTP/1.1" 200 18678
